  main.cpp
c:\shkim\summer 2019\2주차_예제_코드\2주차_예제_코드\histogram2\main.cpp(9): warning C4566: 유니버설 문자 이름 '\uC8FC'(으)로 표현되는 문자는 현재 코드 페이지(1252)에서 표현할 수 없습니다.
c:\shkim\summer 2019\2주차_예제_코드\2주차_예제_코드\histogram2\main.cpp(9): warning C4566: 유니버설 문자 이름 '\uCC28'(으)로 표현되는 문자는 현재 코드 페이지(1252)에서 표현할 수 없습니다.
c:\shkim\summer 2019\2주차_예제_코드\2주차_예제_코드\histogram2\main.cpp(9): warning C4566: 유니버설 문자 이름 '\uC608'(으)로 표현되는 문자는 현재 코드 페이지(1252)에서 표현할 수 없습니다.
c:\shkim\summer 2019\2주차_예제_코드\2주차_예제_코드\histogram2\main.cpp(9): warning C4566: 유니버설 문자 이름 '\uC81C'(으)로 표현되는 문자는 현재 코드 페이지(1252)에서 표현할 수 없습니다.
c:\shkim\summer 2019\2주차_예제_코드\2주차_예제_코드\histogram2\main.cpp(9): warning C4566: 유니버설 문자 이름 '\uCF54'(으)로 표현되는 문자는 현재 코드 페이지(1252)에서 표현할 수 없습니다.
c:\shkim\summer 2019\2주차_예제_코드\2주차_예제_코드\histogram2\main.cpp(9): warning C4566: 유니버설 문자 이름 '\uB4DC'(으)로 표현되는 문자는 현재 코드 페이지(1252)에서 표현할 수 없습니다.
c:\shkim\summer 2019\2주차_예제_코드\2주차_예제_코드\histogram2\main.cpp(25): warning C4566: 유니버설 문자 이름 '\uC8FC'(으)로 표현되는 문자는 현재 코드 페이지(1252)에서 표현할 수 없습니다.
c:\shkim\summer 2019\2주차_예제_코드\2주차_예제_코드\histogram2\main.cpp(25): warning C4566: 유니버설 문자 이름 '\uCC28'(으)로 표현되는 문자는 현재 코드 페이지(1252)에서 표현할 수 없습니다.
c:\shkim\summer 2019\2주차_예제_코드\2주차_예제_코드\histogram2\main.cpp(25): warning C4566: 유니버설 문자 이름 '\uC608'(으)로 표현되는 문자는 현재 코드 페이지(1252)에서 표현할 수 없습니다.
c:\shkim\summer 2019\2주차_예제_코드\2주차_예제_코드\histogram2\main.cpp(25): warning C4566: 유니버설 문자 이름 '\uC81C'(으)로 표현되는 문자는 현재 코드 페이지(1252)에서 표현할 수 없습니다.
c:\shkim\summer 2019\2주차_예제_코드\2주차_예제_코드\histogram2\main.cpp(25): warning C4566: 유니버설 문자 이름 '\uCF54'(으)로 표현되는 문자는 현재 코드 페이지(1252)에서 표현할 수 없습니다.
c:\shkim\summer 2019\2주차_예제_코드\2주차_예제_코드\histogram2\main.cpp(25): warning C4566: 유니버설 문자 이름 '\uB4DC'(으)로 표현되는 문자는 현재 코드 페이지(1252)에서 표현할 수 없습니다.
c:\shkim\summer 2019\2주차_예제_코드\2주차_예제_코드\histogram2\main.cpp(26): warning C4566: 유니버설 문자 이름 '\uC8FC'(으)로 표현되는 문자는 현재 코드 페이지(1252)에서 표현할 수 없습니다.
c:\shkim\summer 2019\2주차_예제_코드\2주차_예제_코드\histogram2\main.cpp(26): warning C4566: 유니버설 문자 이름 '\uCC28'(으)로 표현되는 문자는 현재 코드 페이지(1252)에서 표현할 수 없습니다.
c:\shkim\summer 2019\2주차_예제_코드\2주차_예제_코드\histogram2\main.cpp(26): warning C4566: 유니버설 문자 이름 '\uC608'(으)로 표현되는 문자는 현재 코드 페이지(1252)에서 표현할 수 없습니다.
c:\shkim\summer 2019\2주차_예제_코드\2주차_예제_코드\histogram2\main.cpp(26): warning C4566: 유니버설 문자 이름 '\uC81C'(으)로 표현되는 문자는 현재 코드 페이지(1252)에서 표현할 수 없습니다.
c:\shkim\summer 2019\2주차_예제_코드\2주차_예제_코드\histogram2\main.cpp(26): warning C4566: 유니버설 문자 이름 '\uCF54'(으)로 표현되는 문자는 현재 코드 페이지(1252)에서 표현할 수 없습니다.
c:\shkim\summer 2019\2주차_예제_코드\2주차_예제_코드\histogram2\main.cpp(26): warning C4566: 유니버설 문자 이름 '\uB4DC'(으)로 표현되는 문자는 현재 코드 페이지(1252)에서 표현할 수 없습니다.
  histogram2.vcxproj -> C:\shkim\summer 2019\2주차_예제_코드\2주차_예제_코드\histogram2\x64\Debug\histogram2.exe
